INFO: Waiting for application startup.
INFO: Docker events listener started in a separate thread.
INFO: Starting local scheduler...
INFO: Listening for Docker events...
ERROR: Error running local scheduler: Could not connect to the endpoint URL: "http://elasticmq:9324/"
INFO: Application startup complete.
INFO: Waiting for application startup.
INFO: Docker events listener started in a separate thread.
INFO: Starting local scheduler...
INFO: Listening for Docker events...
ERROR: Error running local scheduler: column scan.total_orgs does not exist
LINE 1: ...."manual_run_pending", "scan"."concurrent_tasks", "scan"."to...
                                                             ^

INFO: Application startup complete.
INFO: 172.18.0.1:38962 - "OPTIONS /notifications HTTP/1.1" 200
INFO: 172.18.0.1:38968 - "OPTIONS /notifications HTTP/1.1" 200
INFO: 172.18.0.1:57022 - "OPTIONS /notifications HTTP/1.1" 200
INFO: 172.18.0.1:57032 - "OPTIONS /notifications HTTP/1.1" 200
INFO: Fetched notifications: <QuerySet []>
INFO: 172.18.0.1:38962 - "GET /notifications HTTP/1.1" 200
INFO: Fetched notifications: <QuerySet []>
INFO: 172.18.0.1:57032 - "GET /notifications HTTP/1.1" 200
INFO: Waiting for application shutdown.
INFO: Application shutdown complete.
INFO: Waiting for application startup.
INFO: Docker events listener started in a separate thread.
INFO: Starting local scheduler...
INFO: Listening for Docker events...
ERROR: Error running local scheduler: column scan.total_orgs does not exist
LINE 1: ...."manual_run_pending", "scan"."concurrent_tasks", "scan"."to...
                                                             ^

INFO: Application startup complete.
INFO: Waiting for application shutdown.
INFO: Application shutdown complete.
INFO: Waiting for application startup.
INFO: Docker events listener started in a separate thread.
INFO: Starting local scheduler...
INFO: Listening for Docker events...
ERROR: Error running local scheduler: column scan.total_orgs does not exist
LINE 1: ...."manual_run_pending", "scan"."concurrent_tasks", "scan"."to...
                                                             ^

INFO: Application startup complete.
INFO: Synchronizing database schema for app 'xfd_mini_dl' in database 'mini_data_lake'...
WARNING: Circular dependencies detected among: ApiKey, Cpe, Cve, CveSsvc, Organization, OrganizationTag, Role, SavedSearch, Scan, ScanResult, ScanTask, User, Webpage, TicketEvent, VulnScan, VulnScanSummary, Cidr, CidrOrgs, Location, Sector, Host, HostSummary, Ip, IpsSubs, Ticket, PortScan, PortScanSummary, PortScanServiceSummary, WasFindings, SixgillAlerts, Alias, AssetHeaders, CredentialBreaches, CredentialExposures, CyhyContacts, CyhyDbAssets, DataSource, DnsRecords, DomainAlerts, DomainPermutations, Executives, Mentions, OrgType, PshttResults, PeReportSummaryStats, ShodanAssets, ShodanVulns, SubDomains, TopCves, WebAssets, XpanseBusinessUnits, XpanseAssetsMdl, XpanseCvesMdl, XpanseAlerts, XpanseServicesMdl, XpanseCveServiceMdl, CpeVender, CpeProduct, DataPullTracker
INFO: Processing model: CustomerMetrics
INFO: Updating table for model: CustomerMetrics
INFO: Processing model: Notification
INFO: Updating table for model: Notification
INFO: Processing model: QueryResultCache
INFO: Updating table for model: QueryResultCache
INFO: Processing model: CisaKevCatalog
INFO: Updating table for model: CisaKevCatalog
INFO: Processing model: WasTrackerCustomerdata
INFO: Updating table for model: WasTrackerCustomerdata
INFO: Processing model: WasHistory
INFO: Updating table for model: WasHistory
INFO: Processing model: WasMap
INFO: Updating table for model: WasMap
INFO: Processing model: WasReport
INFO: Updating table for model: WasReport
INFO: Processing model: WasScanSummary
INFO: Updating table for model: WasScanSummary
INFO: Processing model: PeUsers
INFO: Updating table for model: PeUsers
INFO: Processing model: AlembicVersion
INFO: Updating table for model: AlembicVersion
INFO: Processing model: DotgovDomains
INFO: Updating table for model: DotgovDomains
INFO: Processing model: OrgIdMap
INFO: Updating table for model: OrgIdMap
INFO: Processing model: PeTeamMembers
INFO: Updating table for model: PeTeamMembers
INFO: Processing model: TopicTotals
INFO: Updating table for model: TopicTotals
INFO: Processing model: UniqueSoftware
INFO: Updating table for model: UniqueSoftware
INFO: Processing model: WeeklyStatusesMdl
INFO: Updating table for model: WeeklyStatusesMdl
INFO: Processing model: CyhyKevs
INFO: Updating table for model: CyhyKevs
INFO: Processing model: Blocklist
INFO: Updating table for model: Blocklist
INFO: Processing model: RiskyServiceGroup
INFO: Updating table for model: RiskyServiceGroup
INFO: Processing model: NMIServiceGroup
INFO: Updating table for model: NMIServiceGroup
INFO: Processing model: Log
INFO: Updating table for model: Log
INFO: Processing model: Alias
INFO: Updating table for model: Alias
INFO: Processing model: ApiKey
INFO: Updating table for model: ApiKey
INFO: Processing model: AssetHeaders
INFO: Updating table for model: AssetHeaders
INFO: Processing model: Cidr
INFO: Updating table for model: Cidr
INFO: Processing model: CidrOrgs
INFO: Updating table for model: CidrOrgs
INFO: Processing model: Cpe
INFO: Updating table for model: Cpe
INFO: Processing model: CpeProduct
INFO: Updating table for model: CpeProduct
INFO: Processing model: CpeVender
INFO: Updating table for model: CpeVender
INFO: Processing model: CredentialBreaches
INFO: Updating table for model: CredentialBreaches
INFO: Processing model: CredentialExposures
INFO: Updating table for model: CredentialExposures
INFO: Processing model: Cve
INFO: Updating table for model: Cve
INFO: Processing model: CveSsvc
INFO: Updating table for model: CveSsvc
INFO: Processing model: CyhyContacts
INFO: Updating table for model: CyhyContacts
INFO: Processing model: CyhyDbAssets
INFO: Updating table for model: CyhyDbAssets
INFO: Processing model: DataPullTracker
INFO: Updating table for model: DataPullTracker
INFO: Processing model: DataSource
INFO: Updating table for model: DataSource
INFO: Processing model: DnsRecords
INFO: Updating table for model: DnsRecords
INFO: Processing model: DomainAlerts
INFO: Updating table for model: DomainAlerts
INFO: Processing model: DomainPermutations
INFO: Updating table for model: DomainPermutations
INFO: Processing model: Executives
INFO: Updating table for model: Executives
INFO: Processing model: Host
INFO: Updating table for model: Host
INFO: Processing model: HostSummary
INFO: Updating table for model: HostSummary
INFO: Processing model: Ip
INFO: Updating table for model: Ip
INFO: Processing model: IpsSubs
INFO: Updating table for model: IpsSubs
INFO: Processing model: Location
INFO: Updating table for model: Location
INFO: Processing model: Mentions
INFO: Updating table for model: Mentions
INFO: Processing model: OrgType
INFO: Updating table for model: OrgType
INFO: Processing model: Organization
INFO: Updating table for model: Organization
INFO: Processing model: OrganizationTag
INFO: Updating table for model: OrganizationTag
INFO: Processing model: PeReportSummaryStats
INFO: Updating table for model: PeReportSummaryStats
INFO: Processing model: PortScan
INFO: Updating table for model: PortScan
INFO: Processing model: PortScanServiceSummary
INFO: Updating table for model: PortScanServiceSummary
INFO: Processing model: PortScanSummary
INFO: Updating table for model: PortScanSummary
INFO: Processing model: PshttResults
INFO: Updating table for model: PshttResults
INFO: Processing model: Role
INFO: Updating table for model: Role
INFO: Processing model: SavedSearch
INFO: Updating table for model: SavedSearch
INFO: Processing model: Scan
INFO: Updating table for model: Scan
INFO: Adding column 'total_orgs' to table 'scan'
INFO: Processing model: ScanResult
INFO: Creating table for model: ScanResult
INFO: Processing model: ScanTask
INFO: Updating table for model: ScanTask
INFO: Processing model: Sector
INFO: Updating table for model: Sector
INFO: Processing model: ShodanAssets
INFO: Updating table for model: ShodanAssets
INFO: Processing model: ShodanVulns
INFO: Updating table for model: ShodanVulns
INFO: Processing model: SixgillAlerts
INFO: Updating table for model: SixgillAlerts
INFO: Processing model: SubDomains
INFO: Updating table for model: SubDomains
INFO: Processing model: Ticket
INFO: Updating table for model: Ticket
INFO: Processing model: TicketEvent
INFO: Updating table for model: TicketEvent
INFO: Processing model: TopCves
INFO: Updating table for model: TopCves
INFO: Processing model: User
INFO: Updating table for model: User
WARNING: ⚠️ Cannot set NOT NULL on user.first_login: 22 row(s) contain NULL values. Please clean up data manually.
INFO: Processing model: VulnScan
INFO: Updating table for model: VulnScan
INFO: Processing model: VulnScanSummary
INFO: Updating table for model: VulnScanSummary
INFO: Processing model: WasFindings
INFO: Updating table for model: WasFindings
INFO: Processing model: WebAssets
INFO: Updating table for model: WebAssets
INFO: Processing model: Webpage
INFO: Updating table for model: Webpage
INFO: Processing model: XpanseAlerts
INFO: Updating table for model: XpanseAlerts
INFO: Processing model: XpanseAssetsMdl
INFO: Updating table for model: XpanseAssetsMdl
INFO: Processing model: XpanseBusinessUnits
INFO: Updating table for model: XpanseBusinessUnits
INFO: Processing model: XpanseCveServiceMdl
INFO: Updating table for model: XpanseCveServiceMdl
INFO: Processing model: XpanseCvesMdl
INFO: Updating table for model: XpanseCvesMdl
INFO: Processing model: XpanseServicesMdl
INFO: Updating table for model: XpanseServicesMdl
INFO: Processing Many-to-Many tables...
INFO: Many-to-Many table cidr_orgs already exists. Skipping.
INFO: Many-to-Many table cpe_product_mdl_cves already exists. Skipping.
INFO: Many-to-Many table cve_cpes already exists. Skipping.
INFO: Many-to-Many table ips_subs already exists. Skipping.
INFO: Many-to-Many table organization_tag_organization already exists. Skipping.
INFO: Many-to-Many table scan_organizations already exists. Skipping.
INFO: Many-to-Many table scan_tags_organization_tag already exists. Skipping.
INFO: Many-to-Many table scan_task_organizations already exists. Skipping.
INFO: Many-to-Many table sector_organizations already exists. Skipping.
INFO: Many-to-Many table xpanse_alerts_mdl_business_units already exists. Skipping.
INFO: Many-to-Many table xpanse_alerts_mdl_assets already exists. Skipping.
INFO: Many-to-Many table xpanse_cve_services_mdl already exists. Skipping.
INFO: Many-to-Many table xpanse_services_mdl_sub_domains already exists. Skipping.
INFO: Ensuring GiST index exists on ip.ip...
INFO: Checking for stale tables...
INFO: Database synchronization complete.
WARNING: Circular dependencies detected among: ApiKey, Cpe, Cve, CveSsvc, Organization, OrganizationTag, Role, SavedSearch, Scan, ScanResult, ScanTask, User, Webpage, TicketEvent, VulnScan, VulnScanSummary, Cidr, CidrOrgs, Location, Sector, Host, HostSummary, Ip, IpsSubs, Ticket, PortScan, PortScanSummary, PortScanServiceSummary, WasFindings, SixgillAlerts, Alias, AssetHeaders, CredentialBreaches, CredentialExposures, CyhyContacts, CyhyDbAssets, DataSource, DnsRecords, DomainAlerts, DomainPermutations, Executives, Mentions, OrgType, PshttResults, PeReportSummaryStats, ShodanAssets, ShodanVulns, SubDomains, TopCves, WebAssets, XpanseBusinessUnits, XpanseAssetsMdl, XpanseCvesMdl, XpanseAlerts, XpanseServicesMdl, XpanseCveServiceMdl, CpeVender, CpeProduct, DataPullTracker
INFO: Column‐type adjustments complete.
INFO: Updating index organizations-1...
INFO: Updating index domains-5...
INFO: Elasticsearch indices synchronized.
INFO: Found 20 organizations to sync.
INFO: Syncing 20 organizations...
INFO: Organization sync complete.
INFO: Waiting for application shutdown.
INFO: Application shutdown complete.
INFO: Waiting for application startup.
INFO: Docker events listener started in a separate thread.
INFO: Starting local scheduler...
INFO: Listening for Docker events...
ERROR: Error running local scheduler: object NoneType can't be used in 'await' expression
INFO: Application startup complete.
INFO: Waiting for application shutdown.
INFO: Application shutdown complete.
INFO: Waiting for application startup.
INFO: Docker events listener started in a separate thread.
INFO: Starting local scheduler...
INFO: Listening for Docker events...
ERROR: Error running local scheduler: object NoneType can't be used in 'await' expression
INFO: Application startup complete.
INFO: Waiting for application shutdown.
INFO: Application shutdown complete.
INFO: Waiting for application startup.
INFO: Docker events listener started in a separate thread.
INFO: Starting local scheduler...
INFO: Listening for Docker events...
ERROR: Error running local scheduler: object NoneType can't be used in 'await' expression
INFO: Application startup complete.
INFO: Waiting for application shutdown.
INFO: Application shutdown complete.
INFO: Waiting for application startup.
INFO: Docker events listener started in a separate thread.
INFO: Starting local scheduler...
INFO: Listening for Docker events...
ERROR: Error running local scheduler: object NoneType can't be used in 'await' expression
INFO: Application startup complete.
INFO: Waiting for application shutdown.
INFO: Application shutdown complete.
INFO: Waiting for application startup.
INFO: Docker events listener started in a separate thread.
INFO: Starting local scheduler...
INFO: Listening for Docker events...
ERROR: Error running local scheduler: object NoneType can't be used in 'await' expression
INFO: Application startup complete.
INFO: Waiting for application shutdown.
INFO: Application shutdown complete.
INFO: Waiting for application startup.
INFO: Docker events listener started in a separate thread.
INFO: Starting local scheduler...
INFO: Listening for Docker events...
ERROR: Error running local scheduler: object NoneType can't be used in 'await' expression
INFO: Application startup complete.
INFO: Waiting for application shutdown.
INFO: Application shutdown complete.
INFO: Waiting for application startup.
INFO: Docker events listener started in a separate thread.
INFO: Starting local scheduler...
INFO: Listening for Docker events...
ERROR: Error running local scheduler: object NoneType can't be used in 'await' expression
INFO: Application startup complete.
INFO: Docker events listener started in a separate thread.
INFO: Starting local scheduler...
INFO: Running scheduler...
INFO: Listening for Docker events...
INFO: Finished running scheduler.
ERROR: Error running local scheduler: object NoneType can't be used in 'await' expression
INFO: HTTP Request: GET http://testserver/metrics/scans?window_days=3 "HTTP/1.1 200 OK"
INFO: Docker events listener started in a separate thread.
INFO: Starting local scheduler...
INFO: Running scheduler...
INFO: Listening for Docker events...
INFO: Finished running scheduler.
ERROR: Error running local scheduler: object NoneType can't be used in 'await' expression
INFO: HTTP Request: GET http://testserver/metrics/scans/f8e47e84-b6e8-485d-8a31-24084ac9e184?window_days=3 "HTTP/1.1 200 OK"
INFO: Collecting customer metrics for 2025-09-03 (UTC).
INFO: Customer metrics upsert complete for 2025-09-03. Created=11, Updated=0.
INFO: Collecting customer metrics for 2025-09-03 (UTC).
INFO: Customer metrics upsert complete for 2025-09-03. Created=11, Updated=0.
INFO: Collecting customer metrics for 2025-09-03 (UTC).
INFO: Customer metrics upsert complete for 2025-09-03. Created=11, Updated=0.
INFO: Collecting customer metrics for 2025-09-03 (UTC).
INFO: Customer metrics upsert complete for 2025-09-03. Created=11, Updated=0.
INFO: Collecting customer metrics for 2025-09-03 (UTC).
INFO: Customer metrics upsert complete for 2025-09-03. Created=11, Updated=0.
INFO: Collecting customer metrics for 2025-09-03 (UTC).
INFO: Customer metrics upsert complete for 2025-09-03. Created=11, Updated=0.
INFO: Collecting customer metrics for 2025-09-03 (UTC).
INFO: Customer metrics upsert complete for 2025-09-03. Created=11, Updated=0.
INFO: Collecting customer metrics for 2025-09-03 (UTC).
INFO: Customer metrics upsert complete for 2025-09-03. Created=0, Updated=11.
INFO: Collecting customer metrics for 2025-09-03 (UTC).
INFO: Customer metrics upsert complete for 2025-09-03. Created=11, Updated=0.
INFO: Collecting customer metrics for 2025-09-03 (UTC).
INFO: Customer metrics upsert complete for 2025-09-03. Created=11, Updated=0.
INFO: Collecting customer metrics for 2025-09-03 (UTC).
INFO: Customer metrics upsert complete for 2025-09-03. Created=11, Updated=0.
INFO: Waiting for application shutdown.
INFO: Application shutdown complete.
INFO: Waiting for application startup.
INFO: Docker events listener started in a separate thread.
INFO: Starting local scheduler...
INFO: Listening for Docker events...
ERROR: Error running local scheduler: object NoneType can't be used in 'await' expression
INFO: Application startup complete.
INFO: Waiting for application shutdown.
INFO: Application shutdown complete.
INFO: Waiting for application startup.
INFO: Docker events listener started in a separate thread.
INFO: Starting local scheduler...
INFO: Listening for Docker events...
ERROR: Error running local scheduler: object NoneType can't be used in 'await' expression
INFO: Application startup complete.
INFO: Docker events listener started in a separate thread.
INFO: Starting local scheduler...
INFO: Running scheduler...
INFO: Listening for Docker events...
INFO: Finished running scheduler.
ERROR: Error running local scheduler: object NoneType can't be used in 'await' expression
INFO: HTTP Request: GET http://testserver/metrics/scans?window_days=3 "HTTP/1.1 200 OK"
INFO: Docker events listener started in a separate thread.
INFO: Starting local scheduler...
INFO: Running scheduler...
INFO: Listening for Docker events...
INFO: Finished running scheduler.
ERROR: Error running local scheduler: object NoneType can't be used in 'await' expression
INFO: HTTP Request: GET http://testserver/metrics/scans/2b8d2d3c-f450-4e48-bb43-ac850105c1f8?window_days=3 "HTTP/1.1 200 OK"
INFO: Collecting customer metrics for 2025-09-03 (UTC).
INFO: Customer metrics upsert complete for 2025-09-03. Created=11, Updated=0.
INFO: Collecting customer metrics for 2025-09-03 (UTC).
INFO: Customer metrics upsert complete for 2025-09-03. Created=11, Updated=0.
INFO: Collecting customer metrics for 2025-09-03 (UTC).
INFO: Customer metrics upsert complete for 2025-09-03. Created=11, Updated=0.
INFO: Collecting customer metrics for 2025-09-03 (UTC).
INFO: Customer metrics upsert complete for 2025-09-03. Created=11, Updated=0.
INFO: Collecting customer metrics for 2025-09-03 (UTC).
INFO: Customer metrics upsert complete for 2025-09-03. Created=11, Updated=0.
INFO: Collecting customer metrics for 2025-09-03 (UTC).
INFO: Customer metrics upsert complete for 2025-09-03. Created=11, Updated=0.
INFO: Collecting customer metrics for 2025-09-03 (UTC).
INFO: Customer metrics upsert complete for 2025-09-03. Created=11, Updated=0.
INFO: Collecting customer metrics for 2025-09-03 (UTC).
INFO: Customer metrics upsert complete for 2025-09-03. Created=0, Updated=11.
INFO: Collecting customer metrics for 2025-09-03 (UTC).
INFO: Customer metrics upsert complete for 2025-09-03. Created=11, Updated=0.
INFO: Collecting customer metrics for 2025-09-03 (UTC).
INFO: Customer metrics upsert complete for 2025-09-03. Created=11, Updated=0.
INFO: Collecting customer metrics for 2025-09-03 (UTC).
INFO: Customer metrics upsert complete for 2025-09-03. Created=11, Updated=0.
INFO: Waiting for application startup.
INFO: Docker events listener started in a separate thread.
INFO: Starting local scheduler...
INFO: Listening for Docker events...
ERROR: Error running local scheduler: connection to server at "db" (172.18.0.6), port 5432 failed: FATAL:  the database system is starting up

INFO: Application startup complete.
INFO: Docker events listener started in a separate thread.
INFO: Starting local scheduler...
INFO: Running scheduler...
INFO: Listening for Docker events...
INFO: Finished running scheduler.
ERROR: Error running local scheduler: object NoneType can't be used in 'await' expression
INFO: HTTP Request: GET http://testserver/metrics/scans?window_days=3 "HTTP/1.1 200 OK"
INFO: Docker events listener started in a separate thread.
INFO: Starting local scheduler...
INFO: Running scheduler...
INFO: Listening for Docker events...
INFO: Finished running scheduler.
ERROR: Error running local scheduler: object NoneType can't be used in 'await' expression
INFO: HTTP Request: GET http://testserver/metrics/scans/4fe1b685-de16-44c4-ae8b-abfeab86c386?window_days=3 "HTTP/1.1 200 OK"
INFO: Collecting customer metrics for 2025-09-03 (UTC).
INFO: Customer metrics upsert complete for 2025-09-03. Created=11, Updated=0.
INFO: Collecting customer metrics for 2025-09-03 (UTC).
INFO: Customer metrics upsert complete for 2025-09-03. Created=11, Updated=0.
INFO: Collecting customer metrics for 2025-09-03 (UTC).
INFO: Customer metrics upsert complete for 2025-09-03. Created=11, Updated=0.
INFO: Collecting customer metrics for 2025-09-03 (UTC).
INFO: Customer metrics upsert complete for 2025-09-03. Created=11, Updated=0.
INFO: Collecting customer metrics for 2025-09-03 (UTC).
INFO: Customer metrics upsert complete for 2025-09-03. Created=11, Updated=0.
INFO: Collecting customer metrics for 2025-09-03 (UTC).
INFO: Customer metrics upsert complete for 2025-09-03. Created=11, Updated=0.
INFO: Collecting customer metrics for 2025-09-03 (UTC).
INFO: Customer metrics upsert complete for 2025-09-03. Created=11, Updated=0.
INFO: Collecting customer metrics for 2025-09-03 (UTC).
INFO: Customer metrics upsert complete for 2025-09-03. Created=0, Updated=11.
INFO: Collecting customer metrics for 2025-09-03 (UTC).
INFO: Customer metrics upsert complete for 2025-09-03. Created=11, Updated=0.
INFO: Collecting customer metrics for 2025-09-03 (UTC).
INFO: Customer metrics upsert complete for 2025-09-03. Created=11, Updated=0.
INFO: Collecting customer metrics for 2025-09-03 (UTC).
INFO: Customer metrics upsert complete for 2025-09-03. Created=11, Updated=0.
INFO: Waiting for application shutdown.
INFO: Application shutdown complete.
INFO: Waiting for application startup.
INFO: Docker events listener started in a separate thread.
INFO: Starting local scheduler...
INFO: Listening for Docker events...
ERROR: Error running local scheduler: object NoneType can't be used in 'await' expression
INFO: Application startup complete.
INFO: Waiting for application startup.
INFO: Docker events listener started in a separate thread.
INFO: Starting local scheduler...
INFO: Listening for Docker events...
ERROR: Error running local scheduler: object NoneType can't be used in 'await' expression
INFO: Application startup complete.
INFO: Waiting for application startup.
INFO: Docker events listener started in a separate thread.
INFO: Starting local scheduler...
INFO: Listening for Docker events...
ERROR: Error running local scheduler: object NoneType can't be used in 'await' expression
INFO: Application startup complete.
INFO: Waiting for application shutdown.
INFO: Application shutdown complete.
INFO: Waiting for application startup.
INFO: Docker events listener started in a separate thread.
INFO: Starting local scheduler...
INFO: Listening for Docker events...
ERROR: Error running local scheduler: object NoneType can't be used in 'await' expression
INFO: Application startup complete.
INFO: Waiting for application shutdown.
INFO: Application shutdown complete.
INFO: Waiting for application startup.
INFO: Docker events listener started in a separate thread.
INFO: Starting local scheduler...
INFO: Listening for Docker events...
ERROR: Error running local scheduler: object NoneType can't be used in 'await' expression
INFO: Application startup complete.
INFO: Waiting for application shutdown.
INFO: Application shutdown complete.
INFO: Waiting for application startup.
INFO: Docker events listener started in a separate thread.
INFO: Starting local scheduler...
INFO: Listening for Docker events...
ERROR: Error running local scheduler: object NoneType can't be used in 'await' expression
INFO: Application startup complete.
INFO: Waiting for application shutdown.
INFO: Application shutdown complete.
INFO: Waiting for application startup.
INFO: Docker events listener started in a separate thread.
INFO: Starting local scheduler...
INFO: Listening for Docker events...
ERROR: Error running local scheduler: object NoneType can't be used in 'await' expression
INFO: Application startup complete.
INFO: Waiting for application shutdown.
INFO: Application shutdown complete.
INFO: Waiting for application startup.
INFO: Docker events listener started in a separate thread.
INFO: Starting local scheduler...
INFO: Listening for Docker events...
ERROR: Error running local scheduler: object NoneType can't be used in 'await' expression
INFO: Application startup complete.
INFO: Waiting for application shutdown.
INFO: Application shutdown complete.
INFO: Waiting for application startup.
INFO: Docker events listener started in a separate thread.
INFO: Starting local scheduler...
INFO: Listening for Docker events...
ERROR: Error running local scheduler: object NoneType can't be used in 'await' expression
INFO: Application startup complete.
INFO: Waiting for application shutdown.
INFO: Application shutdown complete.
INFO: Waiting for application startup.
INFO: Docker events listener started in a separate thread.
INFO: Starting local scheduler...
INFO: Listening for Docker events...
ERROR: Error running local scheduler: object NoneType can't be used in 'await' expression
INFO: Application startup complete.
INFO: Waiting for application startup.
INFO: Docker events listener started in a separate thread.
INFO: Starting local scheduler...
INFO: Listening for Docker events...
ERROR: Error running local scheduler: object NoneType can't be used in 'await' expression
INFO: Application startup complete.
INFO: Waiting for application shutdown.
INFO: Application shutdown complete.
INFO: Waiting for application startup.
INFO: Docker events listener started in a separate thread.
INFO: Starting local scheduler...
INFO: Listening for Docker events...
ERROR: Error running local scheduler: object NoneType can't be used in 'await' expression
INFO: Application startup complete.
INFO: Waiting for application shutdown.
INFO: Application shutdown complete.
INFO: Waiting for application startup.
INFO: Docker events listener started in a separate thread.
INFO: Starting local scheduler...
INFO: Listening for Docker events...
ERROR: Error running local scheduler: object NoneType can't be used in 'await' expression
INFO: Application startup complete.
INFO: Waiting for application shutdown.
INFO: Application shutdown complete.
INFO: Waiting for application startup.
INFO: Docker events listener started in a separate thread.
INFO: Starting local scheduler...
INFO: Listening for Docker events...
ERROR: Error running local scheduler: object NoneType can't be used in 'await' expression
INFO: Application startup complete.
INFO: Waiting for application shutdown.
INFO: Application shutdown complete.
INFO: Waiting for application startup.
INFO: Docker events listener started in a separate thread.
INFO: Starting local scheduler...
INFO: Listening for Docker events...
ERROR: Error running local scheduler: object NoneType can't be used in 'await' expression
INFO: Application startup complete.
INFO: Waiting for application shutdown.
INFO: Application shutdown complete.
INFO: Waiting for application startup.
INFO: Docker events listener started in a separate thread.
INFO: Starting local scheduler...
INFO: Listening for Docker events...
ERROR: Error running local scheduler: object NoneType can't be used in 'await' expression
INFO: Application startup complete.
INFO: Waiting for application shutdown.
INFO: Application shutdown complete.
INFO: Waiting for application startup.
INFO: Docker events listener started in a separate thread.
INFO: Starting local scheduler...
INFO: Listening for Docker events...
ERROR: Error running local scheduler: object NoneType can't be used in 'await' expression
INFO: Application startup complete.
INFO: Waiting for application shutdown.
INFO: Application shutdown complete.
INFO: Waiting for application startup.
INFO: Docker events listener started in a separate thread.
INFO: Starting local scheduler...
INFO: Listening for Docker events...
ERROR: Error running local scheduler: object NoneType can't be used in 'await' expression
INFO: Application startup complete.
INFO: Waiting for application startup.
INFO: Docker events listener started in a separate thread.
INFO: Starting local scheduler...
INFO: Listening for Docker events...
ERROR: Error running local scheduler: object NoneType can't be used in 'await' expression
INFO: Application startup complete.
INFO: Waiting for application shutdown.
INFO: Application shutdown complete.
INFO: Waiting for application startup.
INFO: Docker events listener started in a separate thread.
INFO: Starting local scheduler...
INFO: Listening for Docker events...
ERROR: Error running local scheduler: object NoneType can't be used in 'await' expression
INFO: Application startup complete.
INFO: Waiting for application shutdown.
INFO: Application shutdown complete.
INFO: Waiting for application startup.
INFO: Docker events listener started in a separate thread.
INFO: Starting local scheduler...
INFO: Listening for Docker events...
ERROR: Error running local scheduler: object NoneType can't be used in 'await' expression
INFO: Application startup complete.
INFO: Waiting for application startup.
INFO: Docker events listener started in a separate thread.
INFO: Starting local scheduler...
INFO: Listening for Docker events...
ERROR: Error running local scheduler: object NoneType can't be used in 'await' expression
INFO: Application startup complete.
INFO: Waiting for application shutdown.
INFO: Application shutdown complete.
INFO: Waiting for application startup.
INFO: Docker events listener started in a separate thread.
INFO: Starting local scheduler...
INFO: Listening for Docker events...
ERROR: Error running local scheduler: object NoneType can't be used in 'await' expression
INFO: Application startup complete.
